{"/Users/dw.kim/Synced/qmit/vault-sync/dist/async.js": {"path":"/Users/dw.kim/Synced/qmit/vault-sync/dist/async.js","statementMap":{"0":{"start":{"line":2,"column":0},"end":{"line":2,"column":62}},"1":{"start":{"line":3,"column":0},"end":{"line":3,"column":105}},"2":{"start":{"line":4,"column":16},"end":{"line":4,"column":32}},"3":{"start":{"line":5,"column":13},"end":{"line":5,"column":51}},"4":{"start":{"line":6,"column":15},"end":{"line":6,"column":55}},"5":{"start":{"line":7,"column":21},"end":{"line":7,"column":67}},"6":{"start":{"line":8,"column":0},"end":{"line":8,"column":81}},"7":{"start":{"line":9,"column":0},"end":{"line":9,"column":82}},"8":{"start":{"line":12,"column":4},"end":{"line":17,"column":5}},"9":{"start":{"line":13,"column":8},"end":{"line":13,"column":105}},"10":{"start":{"line":15,"column":9},"end":{"line":17,"column":5}},"11":{"start":{"line":16,"column":8},"end":{"line":16,"column":90}},"12":{"start":{"line":18,"column":19},"end":{"line":18,"column":40}},"13":{"start":{"line":19,"column":4},"end":{"line":19,"column":47}},"14":{"start":{"line":21,"column":0},"end":{"line":21,"column":29}},"15":{"start":{"line":24,"column":8},"end":{"line":24,"column":21}},"16":{"start":{"line":25,"column":8},"end":{"line":25,"column":25}},"17":{"start":{"line":28,"column":0},"end":{"line":28,"column":32}},"18":{"start":{"line":31,"column":8},"end":{"line":38,"column":10}},"19":{"start":{"line":39,"column":8},"end":{"line":39,"column":70}},"20":{"start":{"line":40,"column":8},"end":{"line":40,"column":26}},"21":{"start":{"line":43,"column":8},"end":{"line":76,"column":11}},"22":{"start":{"line":44,"column":12},"end":{"line":46,"column":13}},"23":{"start":{"line":45,"column":16},"end":{"line":45,"column":23}},"24":{"start":{"line":47,"column":85},"end":{"line":47,"column":94}},"25":{"start":{"line":49,"column":12},"end":{"line":74,"column":13}},"26":{"start":{"line":50,"column":16},"end":{"line":50,"column":92}},"27":{"start":{"line":51,"column":16},"end":{"line":51,"column":76}},"28":{"start":{"line":53,"column":17},"end":{"line":74,"column":13}},"29":{"start":{"line":54,"column":28},"end":{"line":54,"column":91}},"30":{"start":{"line":55,"column":16},"end":{"line":55,"column":64}},"31":{"start":{"line":56,"column":16},"end":{"line":69,"column":19}},"32":{"start":{"line":61,"column":33},"end":{"line":61,"column":43}},"33":{"start":{"line":63,"column":20},"end":{"line":66,"column":21}},"34":{"start":{"line":64,"column":38},"end":{"line":64,"column":96}},"35":{"start":{"line":65,"column":24},"end":{"line":65,"column":36}},"36":{"start":{"line":67,"column":20},"end":{"line":67,"column":70}},"37":{"start":{"line":68,"column":20},"end":{"line":68,"column":49}},"38":{"start":{"line":70,"column":16},"end":{"line":70,"column":90}},"39":{"start":{"line":73,"column":16},"end":{"line":73,"column":107}},"40":{"start":{"line":75,"column":12},"end":{"line":75,"column":44}},"41":{"start":{"line":79,"column":8},"end":{"line":81,"column":11}},"42":{"start":{"line":80,"column":12},"end":{"line":80,"column":90}},"43":{"start":{"line":84,"column":8},"end":{"line":101,"column":11}},"44":{"start":{"line":85,"column":28},"end":{"line":85,"column":37}},"45":{"start":{"line":86,"column":28},"end":{"line":86,"column":51}},"46":{"start":{"line":87,"column":12},"end":{"line":87,"column":34}},"47":{"start":{"line":89,"column":12},"end":{"line":100,"column":16}},"48":{"start":{"line":93,"column":31},"end":{"line":100,"column":14}},"49":{"start":{"line":94,"column":31},"end":{"line":94,"column":47}},"50":{"start":{"line":95,"column":16},"end":{"line":98,"column":17}},"51":{"start":{"line":96,"column":32},"end":{"line":96,"column":89}},"52":{"start":{"line":97,"column":20},"end":{"line":97,"column":53}},"53":{"start":{"line":99,"column":16},"end":{"line":99,"column":35}},"54":{"start":{"line":104,"column":8},"end":{"line":106,"column":11}},"55":{"start":{"line":105,"column":12},"end":{"line":105,"column":46}},"56":{"start":{"line":109,"column":8},"end":{"line":111,"column":11}},"57":{"start":{"line":110,"column":12},"end":{"line":110,"column":47}},"58":{"start":{"line":114,"column":0},"end":{"line":114,"column":34}}},"fnMap":{"0":{"name":"vaultAsync","decl":{"start":{"line":10,"column":9},"end":{"line":10,"column":19}},"loc":{"start":{"line":10,"column":35},"end":{"line":20,"column":1}},"line":10},"1":{"name":"(anonymous_1)","decl":{"start":{"line":23,"column":4},"end":{"line":23,"column":5}},"loc":{"start":{"line":23,"column":29},"end":{"line":26,"column":5}},"line":23},"2":{"name":"(anonymous_2)","decl":{"start":{"line":30,"column":4},"end":{"line":30,"column":5}},"loc":{"start":{"line":30,"column":22},"end":{"line":41,"column":5}},"line":30},"3":{"name":"(anonymous_3)","decl":{"start":{"line":42,"column":4},"end":{"line":42,"column":5}},"loc":{"start":{"line":42,"column":15},"end":{"line":77,"column":5}},"line":42},"4":{"name":"(anonymous_4)","decl":{"start":{"line":43,"column":55},"end":{"line":43,"column":56}},"loc":{"start":{"line":43,"column":68},"end":{"line":76,"column":9}},"line":43},"5":{"name":"(anonymous_5)","decl":{"start":{"line":61,"column":26},"end":{"line":61,"column":27}},"loc":{"start":{"line":61,"column":33},"end":{"line":61,"column":43}},"line":61},"6":{"name":"(anonymous_6)","decl":{"start":{"line":62,"column":26},"end":{"line":62,"column":27}},"loc":{"start":{"line":62,"column":33},"end":{"line":69,"column":17}},"line":62},"7":{"name":"(anonymous_7)","decl":{"start":{"line":78,"column":4},"end":{"line":78,"column":5}},"loc":{"start":{"line":78,"column":33},"end":{"line":82,"column":5}},"line":78},"8":{"name":"(anonymous_8)","decl":{"start":{"line":79,"column":55},"end":{"line":79,"column":56}},"loc":{"start":{"line":79,"column":68},"end":{"line":81,"column":9}},"line":79},"9":{"name":"(anonymous_9)","decl":{"start":{"line":83,"column":4},"end":{"line":83,"column":5}},"loc":{"start":{"line":83,"column":27},"end":{"line":102,"column":5}},"line":83},"10":{"name":"(anonymous_10)","decl":{"start":{"line":84,"column":55},"end":{"line":84,"column":56}},"loc":{"start":{"line":84,"column":68},"end":{"line":101,"column":9}},"line":84},"11":{"name":"(anonymous_11)","decl":{"start":{"line":93,"column":22},"end":{"line":93,"column":23}},"loc":{"start":{"line":93,"column":31},"end":{"line":100,"column":14}},"line":93},"12":{"name":"(anonymous_12)","decl":{"start":{"line":93,"column":71},"end":{"line":93,"column":72}},"loc":{"start":{"line":93,"column":84},"end":{"line":100,"column":13}},"line":93},"13":{"name":"(anonymous_13)","decl":{"start":{"line":103,"column":4},"end":{"line":103,"column":5}},"loc":{"start":{"line":103,"column":19},"end":{"line":107,"column":5}},"line":103},"14":{"name":"(anonymous_14)","decl":{"start":{"line":104,"column":55},"end":{"line":104,"column":56}},"loc":{"start":{"line":104,"column":68},"end":{"line":106,"column":9}},"line":104},"15":{"name":"(anonymous_15)","decl":{"start":{"line":108,"column":4},"end":{"line":108,"column":5}},"loc":{"start":{"line":108,"column":19},"end":{"line":112,"column":5}},"line":108},"16":{"name":"(anonymous_16)","decl":{"start":{"line":109,"column":55},"end":{"line":109,"column":56}},"loc":{"start":{"line":109,"column":68},"end":{"line":111,"column":9}},"line":109}},"branchMap":{"0":{"loc":{"start":{"line":12,"column":4},"end":{"line":17,"column":5}},"type":"if","locations":[{"start":{"line":12,"column":4},"end":{"line":17,"column":5}},{"start":{"line":12,"column":4},"end":{"line":17,"column":5}}],"line":12},"1":{"loc":{"start":{"line":15,"column":9},"end":{"line":17,"column":5}},"type":"if","locations":[{"start":{"line":15,"column":9},"end":{"line":17,"column":5}},{"start":{"line":15,"column":9},"end":{"line":17,"column":5}}],"line":15},"2":{"loc":{"start":{"line":44,"column":12},"end":{"line":46,"column":13}},"type":"if","locations":[{"start":{"line":44,"column":12},"end":{"line":46,"column":13}},{"start":{"line":44,"column":12},"end":{"line":46,"column":13}}],"line":44},"3":{"loc":{"start":{"line":49,"column":12},"end":{"line":74,"column":13}},"type":"if","locations":[{"start":{"line":49,"column":12},"end":{"line":74,"column":13}},{"start":{"line":49,"column":12},"end":{"line":74,"column":13}}],"line":49},"4":{"loc":{"start":{"line":49,"column":16},"end":{"line":49,"column":86}},"type":"binary-expr","locations":[{"start":{"line":49,"column":16},"end":{"line":49,"column":33}},{"start":{"line":49,"column":37},"end":{"line":49,"column":86}}],"line":49},"5":{"loc":{"start":{"line":51,"column":16},"end":{"line":51,"column":75}},"type":"binary-expr","locations":[{"start":{"line":51,"column":16},"end":{"line":51,"column":21}},{"start":{"line":51,"column":25},"end":{"line":51,"column":75}}],"line":51},"6":{"loc":{"start":{"line":53,"column":17},"end":{"line":74,"column":13}},"type":"if","locations":[{"start":{"line":53,"column":17},"end":{"line":74,"column":13}},{"start":{"line":53,"column":17},"end":{"line":74,"column":13}}],"line":53},"7":{"loc":{"start":{"line":53,"column":21},"end":{"line":53,"column":92}},"type":"binary-expr","locations":[{"start":{"line":53,"column":21},"end":{"line":53,"column":38}},{"start":{"line":53,"column":42},"end":{"line":53,"column":92}}],"line":53},"8":{"loc":{"start":{"line":55,"column":16},"end":{"line":55,"column":63}},"type":"binary-expr","locations":[{"start":{"line":55,"column":16},"end":{"line":55,"column":21}},{"start":{"line":55,"column":25},"end":{"line":55,"column":63}}],"line":55},"9":{"loc":{"start":{"line":63,"column":20},"end":{"line":66,"column":21}},"type":"if","locations":[{"start":{"line":63,"column":20},"end":{"line":66,"column":21}},{"start":{"line":63,"column":20},"end":{"line":66,"column":21}}],"line":63},"10":{"loc":{"start":{"line":67,"column":20},"end":{"line":67,"column":69}},"type":"binary-expr","locations":[{"start":{"line":67,"column":20},"end":{"line":67,"column":25}},{"start":{"line":67,"column":29},"end":{"line":67,"column":69}}],"line":67},"11":{"loc":{"start":{"line":70,"column":16},"end":{"line":70,"column":89}},"type":"binary-expr","locations":[{"start":{"line":70,"column":16},"end":{"line":70,"column":21}},{"start":{"line":70,"column":25},"end":{"line":70,"column":89}}],"line":70},"12":{"loc":{"start":{"line":75,"column":25},"end":{"line":75,"column":43}},"type":"binary-expr","locations":[{"start":{"line":75,"column":25},"end":{"line":75,"column":35}},{"start":{"line":75,"column":39},"end":{"line":75,"column":43}}],"line":75},"13":{"loc":{"start":{"line":91,"column":44},"end":{"line":91,"column":60}},"type":"binary-expr","locations":[{"start":{"line":91,"column":44},"end":{"line":91,"column":54}},{"start":{"line":91,"column":58},"end":{"line":91,"column":60}}],"line":91},"14":{"loc":{"start":{"line":95,"column":16},"end":{"line":98,"column":17}},"type":"if","locations":[{"start":{"line":95,"column":16},"end":{"line":98,"column":17}},{"start":{"line":95,"column":16},"end":{"line":98,"column":17}}],"line":95}},"s":{"0":1,"1":1,"2":1,"3":1,"4":1,"5":1,"6":1,"7":1,"8":4,"9":0,"10":4,"11":0,"12":4,"13":4,"14":1,"15":2,"16":2,"17":1,"18":4,"19":4,"20":4,"21":6,"22":6,"23":2,"24":4,"25":4,"26":2,"27":2,"28":2,"29":1,"30":1,"31":1,"32":1,"33":1,"34":0,"35":0,"36":1,"37":1,"38":1,"39":1,"40":3,"41":4,"42":4,"43":6,"44":6,"45":6,"46":6,"47":5,"48":5,"49":5,"50":5,"51":1,"52":1,"53":4,"54":5,"55":5,"56":1,"57":1,"58":1},"f":{"0":4,"1":2,"2":4,"3":6,"4":6,"5":1,"6":1,"7":4,"8":4,"9":6,"10":6,"11":5,"12":5,"13":5,"14":5,"15":1,"16":1},"b":{"0":[0,4],"1":[0,4],"2":[2,4],"3":[2,2],"4":[4,2],"5":[2,2],"6":[1,1],"7":[2,1],"8":[1,1],"9":[0,1],"10":[1,1],"11":[1,1],"12":[3,0],"13":[5,0],"14":[1,4]},"inputSourceMap":null,"_coverageSchema":"1a1c01bbd47fc00a2c39e90264f33305004495a9","hash":"82d7c6f38896fe8a4ec00889b8c3932371dd9d4d"}
,"/Users/dw.kim/Synced/qmit/vault-sync/dist/index.js": {"path":"/Users/dw.kim/Synced/qmit/vault-sync/dist/index.js","statementMap":{"0":{"start":{"line":2,"column":0},"end":{"line":2,"column":62}},"1":{"start":{"line":3,"column":0},"end":{"line":3,"column":23}},"2":{"start":{"line":4,"column":16},"end":{"line":4,"column":32}},"3":{"start":{"line":5,"column":16},"end":{"line":5,"column":59}},"4":{"start":{"line":6,"column":15},"end":{"line":6,"column":57}},"5":{"start":{"line":7,"column":14},"end":{"line":7,"column":28}},"6":{"start":{"line":8,"column":0},"end":{"line":8,"column":22}},"7":{"start":{"line":9,"column":0},"end":{"line":9,"column":30}},"8":{"start":{"line":10,"column":0},"end":{"line":10,"column":24}}},"fnMap":{},"branchMap":{},"s":{"0":1,"1":1,"2":1,"3":1,"4":1,"5":1,"6":1,"7":1,"8":1},"f":{},"b":{},"inputSourceMap":null,"_coverageSchema":"1a1c01bbd47fc00a2c39e90264f33305004495a9","hash":"4d071281b2d2cca7e12740cfdced8994ce582a04"}
,"/Users/dw.kim/Synced/qmit/vault-sync/dist/sync.js": {"path":"/Users/dw.kim/Synced/qmit/vault-sync/dist/sync.js","statementMap":{"0":{"start":{"line":2,"column":0},"end":{"line":2,"column":62}},"1":{"start":{"line":3,"column":12},"end":{"line":3,"column":31}},"2":{"start":{"line":4,"column":23},"end":{"line":4,"column":55}},"3":{"start":{"line":6,"column":4},"end":{"line":6,"column":59}},"4":{"start":{"line":8,"column":0},"end":{"line":8,"column":28}}},"fnMap":{"0":{"name":"vaultSync","decl":{"start":{"line":5,"column":9},"end":{"line":5,"column":18}},"loc":{"start":{"line":5,"column":34},"end":{"line":7,"column":1}},"line":5}},"branchMap":{},"s":{"0":1,"1":1,"2":1,"3":7,"4":1},"f":{"0":7},"b":{},"inputSourceMap":null,"_coverageSchema":"1a1c01bbd47fc00a2c39e90264f33305004495a9","hash":"24a42bb4dcb2b3ac9637bce85c0bf2abe0ef0d25"}
}
