{"/Users/dw.kim/Synced/qmit/node-vault-sync/dist/async.js": {"path":"/Users/dw.kim/Synced/qmit/node-vault-sync/dist/async.js","statementMap":{"0":{"start":{"line":2,"column":0},"end":{"line":2,"column":62}},"1":{"start":{"line":3,"column":16},"end":{"line":3,"column":32}},"2":{"start":{"line":4,"column":13},"end":{"line":4,"column":51}},"3":{"start":{"line":5,"column":15},"end":{"line":5,"column":55}},"4":{"start":{"line":6,"column":21},"end":{"line":6,"column":67}},"5":{"start":{"line":8,"column":25},"end":{"line":8,"column":78}},"6":{"start":{"line":9,"column":26},"end":{"line":9,"column":79}},"7":{"start":{"line":11,"column":4},"end":{"line":19,"column":7}},"8":{"start":{"line":13,"column":8},"end":{"line":16,"column":94}},"9":{"start":{"line":14,"column":12},"end":{"line":14,"column":109}},"10":{"start":{"line":15,"column":13},"end":{"line":16,"column":94}},"11":{"start":{"line":16,"column":12},"end":{"line":16,"column":94}},"12":{"start":{"line":17,"column":23},"end":{"line":17,"column":44}},"13":{"start":{"line":18,"column":8},"end":{"line":18,"column":57}},"14":{"start":{"line":21,"column":0},"end":{"line":21,"column":29}},"15":{"start":{"line":24,"column":8},"end":{"line":24,"column":194}},"16":{"start":{"line":25,"column":8},"end":{"line":25,"column":26}},"17":{"start":{"line":28,"column":8},"end":{"line":53,"column":11}},"18":{"start":{"line":29,"column":12},"end":{"line":30,"column":23}},"19":{"start":{"line":30,"column":16},"end":{"line":30,"column":23}},"20":{"start":{"line":31,"column":85},"end":{"line":31,"column":94}},"21":{"start":{"line":32,"column":29},"end":{"line":32,"column":33}},"22":{"start":{"line":33,"column":12},"end":{"line":51,"column":13}},"23":{"start":{"line":34,"column":16},"end":{"line":34,"column":84}},"24":{"start":{"line":35,"column":16},"end":{"line":35,"column":76}},"25":{"start":{"line":37,"column":17},"end":{"line":51,"column":13}},"26":{"start":{"line":38,"column":35},"end":{"line":38,"column":90}},"27":{"start":{"line":39,"column":16},"end":{"line":39,"column":71}},"28":{"start":{"line":40,"column":16},"end":{"line":46,"column":56}},"29":{"start":{"line":45,"column":33},"end":{"line":45,"column":43}},"30":{"start":{"line":46,"column":33},"end":{"line":46,"column":54}},"31":{"start":{"line":47,"column":16},"end":{"line":47,"column":90}},"32":{"start":{"line":50,"column":16},"end":{"line":50,"column":97}},"33":{"start":{"line":52,"column":12},"end":{"line":52,"column":36}},"34":{"start":{"line":56,"column":8},"end":{"line":58,"column":11}},"35":{"start":{"line":57,"column":12},"end":{"line":57,"column":71}},"36":{"start":{"line":61,"column":8},"end":{"line":78,"column":11}},"37":{"start":{"line":62,"column":28},"end":{"line":62,"column":37}},"38":{"start":{"line":63,"column":28},"end":{"line":63,"column":51}},"39":{"start":{"line":64,"column":12},"end":{"line":64,"column":34}},"40":{"start":{"line":66,"column":12},"end":{"line":77,"column":16}},"41":{"start":{"line":70,"column":31},"end":{"line":77,"column":14}},"42":{"start":{"line":71,"column":31},"end":{"line":71,"column":47}},"43":{"start":{"line":72,"column":16},"end":{"line":75,"column":17}},"44":{"start":{"line":73,"column":32},"end":{"line":73,"column":86}},"45":{"start":{"line":74,"column":20},"end":{"line":74,"column":53}},"46":{"start":{"line":76,"column":16},"end":{"line":76,"column":35}},"47":{"start":{"line":81,"column":8},"end":{"line":83,"column":11}},"48":{"start":{"line":82,"column":12},"end":{"line":82,"column":46}},"49":{"start":{"line":86,"column":8},"end":{"line":88,"column":11}},"50":{"start":{"line":87,"column":12},"end":{"line":87,"column":47}}},"fnMap":{"0":{"name":"vaultAsync","decl":{"start":{"line":10,"column":9},"end":{"line":10,"column":19}},"loc":{"start":{"line":10,"column":35},"end":{"line":20,"column":1}},"line":10},"1":{"name":"(anonymous_1)","decl":{"start":{"line":11,"column":51},"end":{"line":11,"column":52}},"loc":{"start":{"line":11,"column":64},"end":{"line":19,"column":5}},"line":11},"2":{"name":"(anonymous_2)","decl":{"start":{"line":23,"column":4},"end":{"line":23,"column":5}},"loc":{"start":{"line":23,"column":22},"end":{"line":26,"column":5}},"line":23},"3":{"name":"(anonymous_3)","decl":{"start":{"line":27,"column":4},"end":{"line":27,"column":5}},"loc":{"start":{"line":27,"column":15},"end":{"line":54,"column":5}},"line":27},"4":{"name":"(anonymous_4)","decl":{"start":{"line":28,"column":55},"end":{"line":28,"column":56}},"loc":{"start":{"line":28,"column":68},"end":{"line":53,"column":9}},"line":28},"5":{"name":"(anonymous_5)","decl":{"start":{"line":45,"column":26},"end":{"line":45,"column":27}},"loc":{"start":{"line":45,"column":33},"end":{"line":45,"column":43}},"line":45},"6":{"name":"(anonymous_6)","decl":{"start":{"line":46,"column":26},"end":{"line":46,"column":27}},"loc":{"start":{"line":46,"column":33},"end":{"line":46,"column":54}},"line":46},"7":{"name":"(anonymous_7)","decl":{"start":{"line":55,"column":4},"end":{"line":55,"column":5}},"loc":{"start":{"line":55,"column":33},"end":{"line":59,"column":5}},"line":55},"8":{"name":"(anonymous_8)","decl":{"start":{"line":56,"column":55},"end":{"line":56,"column":56}},"loc":{"start":{"line":56,"column":68},"end":{"line":58,"column":9}},"line":56},"9":{"name":"(anonymous_9)","decl":{"start":{"line":60,"column":4},"end":{"line":60,"column":5}},"loc":{"start":{"line":60,"column":27},"end":{"line":79,"column":5}},"line":60},"10":{"name":"(anonymous_10)","decl":{"start":{"line":61,"column":55},"end":{"line":61,"column":56}},"loc":{"start":{"line":61,"column":68},"end":{"line":78,"column":9}},"line":61},"11":{"name":"(anonymous_11)","decl":{"start":{"line":70,"column":22},"end":{"line":70,"column":23}},"loc":{"start":{"line":70,"column":31},"end":{"line":77,"column":14}},"line":70},"12":{"name":"(anonymous_12)","decl":{"start":{"line":70,"column":71},"end":{"line":70,"column":72}},"loc":{"start":{"line":70,"column":84},"end":{"line":77,"column":13}},"line":70},"13":{"name":"(anonymous_13)","decl":{"start":{"line":80,"column":4},"end":{"line":80,"column":5}},"loc":{"start":{"line":80,"column":19},"end":{"line":84,"column":5}},"line":80},"14":{"name":"(anonymous_14)","decl":{"start":{"line":81,"column":55},"end":{"line":81,"column":56}},"loc":{"start":{"line":81,"column":68},"end":{"line":83,"column":9}},"line":81},"15":{"name":"(anonymous_15)","decl":{"start":{"line":85,"column":4},"end":{"line":85,"column":5}},"loc":{"start":{"line":85,"column":19},"end":{"line":89,"column":5}},"line":85},"16":{"name":"(anonymous_16)","decl":{"start":{"line":86,"column":55},"end":{"line":86,"column":56}},"loc":{"start":{"line":86,"column":68},"end":{"line":88,"column":9}},"line":86}},"branchMap":{"0":{"loc":{"start":{"line":13,"column":8},"end":{"line":16,"column":94}},"type":"if","locations":[{"start":{"line":13,"column":8},"end":{"line":16,"column":94}},{"start":{"line":13,"column":8},"end":{"line":16,"column":94}}],"line":13},"1":{"loc":{"start":{"line":15,"column":13},"end":{"line":16,"column":94}},"type":"if","locations":[{"start":{"line":15,"column":13},"end":{"line":16,"column":94}},{"start":{"line":15,"column":13},"end":{"line":16,"column":94}}],"line":15},"2":{"loc":{"start":{"line":29,"column":12},"end":{"line":30,"column":23}},"type":"if","locations":[{"start":{"line":29,"column":12},"end":{"line":30,"column":23}},{"start":{"line":29,"column":12},"end":{"line":30,"column":23}}],"line":29},"3":{"loc":{"start":{"line":33,"column":12},"end":{"line":51,"column":13}},"type":"if","locations":[{"start":{"line":33,"column":12},"end":{"line":51,"column":13}},{"start":{"line":33,"column":12},"end":{"line":51,"column":13}}],"line":33},"4":{"loc":{"start":{"line":33,"column":16},"end":{"line":33,"column":78}},"type":"binary-expr","locations":[{"start":{"line":33,"column":16},"end":{"line":33,"column":33}},{"start":{"line":33,"column":37},"end":{"line":33,"column":78}}],"line":33},"5":{"loc":{"start":{"line":35,"column":16},"end":{"line":35,"column":75}},"type":"binary-expr","locations":[{"start":{"line":35,"column":16},"end":{"line":35,"column":21}},{"start":{"line":35,"column":25},"end":{"line":35,"column":75}}],"line":35},"6":{"loc":{"start":{"line":37,"column":17},"end":{"line":51,"column":13}},"type":"if","locations":[{"start":{"line":37,"column":17},"end":{"line":51,"column":13}},{"start":{"line":37,"column":17},"end":{"line":51,"column":13}}],"line":37},"7":{"loc":{"start":{"line":37,"column":21},"end":{"line":37,"column":84}},"type":"binary-expr","locations":[{"start":{"line":37,"column":21},"end":{"line":37,"column":38}},{"start":{"line":37,"column":42},"end":{"line":37,"column":84}}],"line":37},"8":{"loc":{"start":{"line":39,"column":16},"end":{"line":39,"column":70}},"type":"binary-expr","locations":[{"start":{"line":39,"column":16},"end":{"line":39,"column":21}},{"start":{"line":39,"column":25},"end":{"line":39,"column":70}}],"line":39},"9":{"loc":{"start":{"line":47,"column":16},"end":{"line":47,"column":89}},"type":"binary-expr","locations":[{"start":{"line":47,"column":16},"end":{"line":47,"column":21}},{"start":{"line":47,"column":25},"end":{"line":47,"column":89}}],"line":47},"10":{"loc":{"start":{"line":72,"column":16},"end":{"line":75,"column":17}},"type":"if","locations":[{"start":{"line":72,"column":16},"end":{"line":75,"column":17}},{"start":{"line":72,"column":16},"end":{"line":75,"column":17}}],"line":72}},"s":{"0":1,"1":1,"2":1,"3":1,"4":1,"5":1,"6":1,"7":7,"8":7,"9":2,"10":5,"11":1,"12":4,"13":4,"14":1,"15":4,"16":4,"17":6,"18":6,"19":2,"20":4,"21":4,"22":4,"23":2,"24":2,"25":2,"26":1,"27":1,"28":1,"29":1,"30":1,"31":1,"32":1,"33":3,"34":4,"35":4,"36":6,"37":6,"38":6,"39":6,"40":5,"41":5,"42":5,"43":5,"44":1,"45":1,"46":4,"47":5,"48":5,"49":1,"50":1},"f":{"0":7,"1":7,"2":4,"3":6,"4":6,"5":1,"6":1,"7":4,"8":4,"9":6,"10":6,"11":5,"12":5,"13":5,"14":5,"15":1,"16":1},"b":{"0":[2,5],"1":[1,4],"2":[2,4],"3":[2,2],"4":[4,2],"5":[2,2],"6":[1,1],"7":[2,1],"8":[1,1],"9":[1,1],"10":[1,4]},"_coverageSchema":"43e27e138ebf9cfc5966b082cf9a028302ed4184","hash":"0430da7e6d1940301bfcf6138cfedd855ce0eb16"}
,"/Users/dw.kim/Synced/qmit/node-vault-sync/dist/index.js": {"path":"/Users/dw.kim/Synced/qmit/node-vault-sync/dist/index.js","statementMap":{"0":{"start":{"line":2,"column":16},"end":{"line":2,"column":32}},"1":{"start":{"line":3,"column":16},"end":{"line":3,"column":59}},"2":{"start":{"line":4,"column":15},"end":{"line":4,"column":57}},"3":{"start":{"line":6,"column":14},"end":{"line":6,"column":28}},"4":{"start":{"line":7,"column":0},"end":{"line":7,"column":30}},"5":{"start":{"line":8,"column":0},"end":{"line":8,"column":23}}},"fnMap":{},"branchMap":{},"s":{"0":1,"1":1,"2":1,"3":1,"4":1,"5":1},"f":{},"b":{},"_coverageSchema":"43e27e138ebf9cfc5966b082cf9a028302ed4184","hash":"a9adc2f5d64643f3a07b778dffcf3c4b09a077fb"}
,"/Users/dw.kim/Synced/qmit/node-vault-sync/dist/sync.js": {"path":"/Users/dw.kim/Synced/qmit/node-vault-sync/dist/sync.js","statementMap":{"0":{"start":{"line":2,"column":0},"end":{"line":2,"column":62}},"1":{"start":{"line":3,"column":12},"end":{"line":3,"column":31}},"2":{"start":{"line":4,"column":24},"end":{"line":4,"column":56}},"3":{"start":{"line":6,"column":4},"end":{"line":6,"column":60}},"4":{"start":{"line":8,"column":0},"end":{"line":8,"column":28}}},"fnMap":{"0":{"name":"vaultSync","decl":{"start":{"line":5,"column":9},"end":{"line":5,"column":18}},"loc":{"start":{"line":5,"column":34},"end":{"line":7,"column":1}},"line":5}},"branchMap":{},"s":{"0":1,"1":1,"2":1,"3":6,"4":1},"f":{"0":6},"b":{},"_coverageSchema":"43e27e138ebf9cfc5966b082cf9a028302ed4184","hash":"94708cfccb6480f2286ca06438fd972dd3a68939"}
}
