TN:
SF:/Users/dw.kim/Synced/qmit/vault-sync/dist/async.js
FN:10,vaultAsync
FN:11,(anonymous_1)
FN:25,(anonymous_2)
FN:31,(anonymous_3)
FN:35,(anonymous_4)
FN:36,(anonymous_5)
FN:54,(anonymous_6)
FN:55,(anonymous_7)
FN:71,(anonymous_8)
FN:72,(anonymous_9)
FN:76,(anonymous_10)
FN:77,(anonymous_11)
FN:86,(anonymous_12)
FN:86,(anonymous_13)
FN:96,(anonymous_14)
FN:97,(anonymous_15)
FN:101,(anonymous_16)
FN:102,(anonymous_17)
FNF:18
FNH:18
FNDA:7,vaultAsync
FNDA:7,(anonymous_1)
FNDA:2,(anonymous_2)
FNDA:4,(anonymous_3)
FNDA:6,(anonymous_4)
FNDA:6,(anonymous_5)
FNDA:1,(anonymous_6)
FNDA:1,(anonymous_7)
FNDA:4,(anonymous_8)
FNDA:4,(anonymous_9)
FNDA:6,(anonymous_10)
FNDA:6,(anonymous_11)
FNDA:5,(anonymous_12)
FNDA:5,(anonymous_13)
FNDA:5,(anonymous_14)
FNDA:5,(anonymous_15)
FNDA:1,(anonymous_16)
FNDA:1,(anonymous_17)
DA:2,1
DA:3,1
DA:4,1
DA:5,1
DA:6,1
DA:8,1
DA:9,1
DA:11,7
DA:13,7
DA:14,2
DA:16,5
DA:17,1
DA:19,4
DA:20,4
DA:23,1
DA:26,2
DA:27,2
DA:32,4
DA:33,4
DA:36,6
DA:37,6
DA:38,2
DA:40,4
DA:41,4
DA:42,4
DA:43,2
DA:44,2
DA:46,2
DA:47,1
DA:48,1
DA:49,1
DA:54,1
DA:56,1
DA:57,0
DA:58,0
DA:60,1
DA:61,1
DA:63,1
DA:66,1
DA:68,3
DA:72,4
DA:73,4
DA:77,6
DA:78,6
DA:79,6
DA:80,6
DA:82,5
DA:86,5
DA:87,5
DA:88,5
DA:89,1
DA:90,1
DA:92,4
DA:97,5
DA:98,5
DA:102,1
DA:103,1
LF:57
LH:55
BRDA:13,0,0,2
BRDA:13,0,1,5
BRDA:16,1,0,1
BRDA:16,1,1,4
BRDA:37,2,0,2
BRDA:37,2,1,4
BRDA:42,3,0,2
BRDA:42,3,1,2
BRDA:42,4,0,4
BRDA:42,4,1,2
BRDA:44,5,0,2
BRDA:44,5,1,2
BRDA:46,6,0,1
BRDA:46,6,1,1
BRDA:46,7,0,2
BRDA:46,7,1,1
BRDA:48,8,0,1
BRDA:48,8,1,1
BRDA:56,9,0,0
BRDA:56,9,1,1
BRDA:60,10,0,1
BRDA:60,10,1,1
BRDA:63,11,0,1
BRDA:63,11,1,1
BRDA:88,12,0,1
BRDA:88,12,1,4
BRF:26
BRH:25
end_of_record
TN:
SF:/Users/dw.kim/Synced/qmit/vault-sync/dist/index.js
FNF:0
FNH:0
DA:2,1
DA:3,1
DA:4,1
DA:5,1
DA:6,1
DA:7,1
LF:6
LH:6
BRF:0
BRH:0
end_of_record
TN:
SF:/Users/dw.kim/Synced/qmit/vault-sync/dist/sync.js
FN:5,vaultSync
FNF:1
FNH:1
FNDA:6,vaultSync
DA:2,1
DA:3,1
DA:4,1
DA:6,6
DA:8,1
LF:5
LH:5
BRF:0
BRH:0
end_of_record
