TN:
SF:/Users/dw.kim/Synced/qmit/node-vault-sync/src/async.js
FN:7,makeAsync
FN:17,(anonymous_1)
FN:30,(anonymous_2)
FN:49,(anonymous_3)
FN:50,(anonymous_4)
FN:60,(anonymous_5)
FN:64,(anonymous_6)
FN:74,(anonymous_7)
FNF:8
FNH:8
FNDA:7,makeAsync
FNDA:4,(anonymous_1)
FNDA:5,(anonymous_2)
FNDA:1,(anonymous_3)
FNDA:1,(anonymous_4)
FNDA:4,(anonymous_5)
FNDA:5,(anonymous_6)
FNDA:4,(anonymous_7)
DA:1,1
DA:2,1
DA:3,1
DA:4,1
DA:5,1
DA:9,7
DA:10,5
DA:12,4
DA:13,4
DA:18,4
DA:27,4
DA:31,5
DA:33,4
DA:34,4
DA:36,4
DA:37,2
DA:38,2
DA:40,2
DA:41,1
DA:42,1
DA:44,1
DA:49,1
DA:50,1
DA:52,1
DA:54,1
DA:57,3
DA:61,4
DA:65,5
DA:66,5
DA:68,5
DA:70,4
DA:75,4
DA:76,4
DA:77,1
DA:78,1
DA:80,3
DA:85,1
LF:37
LH:37
BRDA:9,0,0,2
BRDA:9,0,1,5
BRDA:10,1,0,1
BRDA:10,1,1,4
BRDA:31,2,0,1
BRDA:31,2,1,4
BRDA:36,3,0,2
BRDA:36,3,1,2
BRDA:36,4,0,4
BRDA:36,4,1,2
BRDA:38,5,0,2
BRDA:38,5,1,2
BRDA:40,6,0,1
BRDA:40,6,1,1
BRDA:40,7,0,2
BRDA:40,7,1,1
BRDA:42,8,0,1
BRDA:42,8,1,1
BRDA:52,9,0,1
BRDA:52,9,1,1
BRDA:76,10,0,1
BRDA:76,10,1,3
BRF:22
BRH:22
end_of_record
TN:
SF:/Users/dw.kim/Synced/qmit/node-vault-sync/src/index.js
FNF:0
FNH:0
DA:1,1
DA:2,1
DA:4,1
DA:5,1
LF:4
LH:4
BRF:0
BRH:0
end_of_record
TN:
SF:/Users/dw.kim/Synced/qmit/node-vault-sync/src/sync.js
FN:4,makeSync
FNF:1
FNH:1
FNDA:6,makeSync
DA:1,1
DA:2,1
DA:5,6
DA:6,5
DA:8,6
DA:11,1
LF:6
LH:6
BRDA:5,0,0,5
BRDA:5,0,1,1
BRF:2
BRH:2
end_of_record
